<?xml version="1.0" encoding="UTF-8"?>
<testsuite name="ListTasksTest" tests="6" skipped="0" failures="0" errors="0" timestamp="2023-02-19T01:28:56" hostname="zanoni" time="0.014">
  <properties/>
  <testcase name="DeveRetornarAListaFiltradaPorCategoria()" classname="ListTasksTest" time="0.002"/>
  <testcase name="DeveRetornarAListaFiltradaPorData()" classname="ListTasksTest" time="0.003"/>
  <testcase name="DeveRetornarAListaFiltradaPorPrioridade()" classname="ListTasksTest" time="0.002"/>
  <testcase name="DeveRetornarAListaFiltradaPorStatus()" classname="ListTasksTest" time="0.001"/>
  <testcase name="DeveLevantarUmaExceptionPorQueOIndexNaoExisteNaLista()" classname="ListTasksTest" time="0.001"/>
  <testcase name="DeveRetornarAListaDeTasksConvertida()" classname="ListTasksTest" time="0.001"/>
  <system-out><![CDATA[]]></system-out>
  <system-err><![CDATA[]]></system-err>
</testsuite>
