<?xml version="1.0" encoding="UTF-8"?>
<testsuite name="ConvertStringInLocalDateTest" tests="1" skipped="0" failures="0" errors="0" timestamp="2023-02-19T01:28:56" hostname="zanoni" time="0.005">
  <properties/>
  <testcase name="DeveConverterUmaStringEmLocalDate()" classname="ConvertStringInLocalDateTest" time="0.005"/>
  <system-out><![CDATA[]]></system-out>
  <system-err><![CDATA[]]></system-err>
</testsuite>
