<?xml version="1.0" encoding="UTF-8"?>
<testsuite name="PriorityTest" tests="2" skipped="0" failures="0" errors="0" timestamp="2023-02-19T01:28:56" hostname="zanoni" time="0.006">
  <properties/>
  <testcase name="DeveRetornarCorretamenteUmaStringSeElaEstiverDentroDoRangeDaPrioridade()" classname="PriorityTest" time="0.005"/>
  <testcase name="NaoDeveRetornarUmaStringPorQueOValorNaoEstaDentroDoRangeDaPrioridade()" classname="PriorityTest" time="0.001"/>
  <system-out><![CDATA[]]></system-out>
  <system-err><![CDATA[]]></system-err>
</testsuite>
