<?xml version="1.0" encoding="UTF-8"?>
<testsuite name="StatusTest" tests="2" skipped="0" failures="0" errors="0" timestamp="2023-02-19T01:28:56" hostname="zanoni" time="0.004">
  <properties/>
  <testcase name="DeveRetornarAStringCorrespondenteAoStatusPassado()" classname="StatusTest" time="0.002"/>
  <testcase name="DeveLevantarUmaExceptionPorQueOValorPassadoNaoExisteNoSwitch()" classname="StatusTest" time="0.001"/>
  <system-out><![CDATA[]]></system-out>
  <system-err><![CDATA[]]></system-err>
</testsuite>
